10102024 11:48:55 PM [INFO] 45 baseClass.py page_has_loaded]: Checking if Windy: Wind map & weather forecast page has loaded.
10102024 11:48:55 PM [INFO] 25 windy_features_test.py test_hompage_display_login_menu_btn]: Verified main menu button is present in homepage
10102024 11:48:56 PM [INFO] 29 windy_features_test.py test_hompage_display_login_menu_btn]: Verified login button is present in homepage
10102024 11:48:56 PM [INFO] 41 windy_features_test.py test_geo_coordinates_displayed_in_windy]: extracted the current geo co-ordinates from the site url 18.605,73.740
10102024 11:48:58 PM [INFO] 49 windy_features_test.py test_geo_coordinates_displayed_in_windy]: gathered the current location using geopy library: Hinjawadi Phase 1, Tathawade, Mulshi, Pune, Maharashtra, 411057, India
10102024 11:48:58 PM [INFO] 52 windy_features_test.py test_geo_coordinates_displayed_in_windy]: extracted the country from captured location: India
10102024 11:48:58 PM [INFO] 55 windy_features_test.py test_geo_coordinates_displayed_in_windy]: Verified both expected and actual countries matches
10102024 11:49:05 PM [INFO] 45 baseClass.py page_has_loaded]: Checking if Windy: Wind map & weather forecast page has loaded.
10102024 11:49:06 PM [INFO] 32 windy_functional_test.py test_login_functionality_valid_user]: Verified email address field appears on screen
10102024 11:49:07 PM [INFO] 45 baseClass.py page_has_loaded]: Checking if Windy: Wind map & weather forecast page has loaded.
10102024 11:49:07 PM [INFO] 32 windy_functional_test.py test_login_functionality_valid_user]: Verified email address field appears on screen
10102024 11:49:08 PM [INFO] 45 baseClass.py page_has_loaded]: Checking if Windy: Wind map & weather forecast page has loaded.
10102024 11:49:08 PM [INFO] 32 windy_functional_test.py test_login_functionality_valid_user]: Verified email address field appears on screen
10102024 11:49:09 PM [INFO] 65 windy_functional_test.py test_search_city_gather_temperature]: navigated to settings page
10102024 11:49:10 PM [INFO] 34 AppSpecificUtils.py change_temperature_scale]: celsius is already selected
10102024 11:49:10 PM [INFO] 70 windy_functional_test.py test_search_city_gather_temperature]: Entered 'Pune city' in the search location
10102024 11:49:27 PM [INFO] 65 windy_functional_test.py test_search_city_gather_temperature]: navigated to settings page
10102024 11:49:27 PM [INFO] 34 AppSpecificUtils.py change_temperature_scale]: celsius is already selected
10102024 11:49:27 PM [INFO] 70 windy_functional_test.py test_search_city_gather_temperature]: Entered 'Pune city' in the search location
10102024 11:49:28 PM [INFO] 76 windy_functional_test.py test_search_city_gather_temperature]: clicked on pune city option from the list
10102024 11:49:28 PM [INFO] 80 windy_functional_test.py test_search_city_gather_temperature]: waited for temperature to be displayed on screen
10102024 11:49:29 PM [INFO] 84 windy_functional_test.py test_search_city_gather_temperature]: validated that temperature is displayed on screen
10102024 11:49:29 PM [INFO] 92 windy_functional_test.py test_search_city_gather_temperature]: closed the temperature bottom pane
10102024 11:49:33 PM [INFO] 105 windy_functional_test.py test_change_temperature_c_to_f]: navigated to settings page
10102024 11:49:33 PM [INFO] 53 AppSpecificUtils.py change_temperature_scale]: temperature changed to fahrenheit successfully
10102024 11:49:33 PM [INFO] 108 windy_functional_test.py test_change_temperature_c_to_f]: changed the temperature setting
10102024 11:49:33 PM [INFO] 117 windy_functional_test.py test_change_temperature_c_to_f]: 80
10102024 11:49:37 PM [INFO] 105 windy_functional_test.py test_change_temperature_c_to_f]: navigated to settings page
10102024 11:49:38 PM [INFO] 48 AppSpecificUtils.py change_temperature_scale]: fahrenheit is already selected
10102024 11:49:38 PM [INFO] 108 windy_functional_test.py test_change_temperature_c_to_f]: changed the temperature setting
10102024 11:49:38 PM [INFO] 117 windy_functional_test.py test_change_temperature_c_to_f]: 80
10102024 11:49:42 PM [INFO] 105 windy_functional_test.py test_change_temperature_c_to_f]: navigated to settings page
10102024 11:49:42 PM [INFO] 48 AppSpecificUtils.py change_temperature_scale]: fahrenheit is already selected
10102024 11:49:42 PM [INFO] 108 windy_functional_test.py test_change_temperature_c_to_f]: changed the temperature setting
10102024 11:49:42 PM [INFO] 117 windy_functional_test.py test_change_temperature_c_to_f]: 80
10102024 11:49:46 PM [INFO] 130 windy_functional_test.py test_menu_settings_displayed_on_rhs]: the current location on map is: Pune
10102024 11:49:46 PM [INFO] 140 windy_functional_test.py test_menu_settings_displayed_on_rhs]: verified the panes and options are in RHS
